2023-09-29T00:07:40.750+05:30  INFO 18624 --- [main] c.c.BackendApplicationTests              : Starting BackendApplicationTests using Java 20.0.2 with PID 18624 (started by Yateesh Chandra in D:\assignments\Assignments\Capstone-Project\backend)
2023-09-29T00:07:40.765+05:30  INFO 18624 --- [main] c.c.BackendApplicationTests              : No active profile set, falling back to 1 default profile: "default"
2023-09-29T00:07:42.599+05:30  INFO 18624 --- [main] .s.d.r.c.RepositoryConfigurationDelegate : Bootstrapping Spring Data JPA repositories in DEFAULT mode.
2023-09-29T00:07:42.810+05:30  INFO 18624 --- [main] .s.d.r.c.RepositoryConfigurationDelegate : Finished Spring Data repository scanning in 181 ms. Found 6 JPA repository interfaces.
2023-09-29T00:07:44.007+05:30  INFO 18624 --- [main] o.hibernate.jpa.internal.util.LogHelper  : HHH000204: Processing PersistenceUnitInfo [name: default]
2023-09-29T00:07:44.256+05:30  INFO 18624 --- [main] org.hibernate.Version                    : HHH000412: Hibernate ORM core version 6.2.9.Final
2023-09-29T00:07:44.264+05:30  INFO 18624 --- [main] org.hibernate.cfg.Environment            : HHH000406: Using bytecode reflection optimizer
2023-09-29T00:07:44.801+05:30  INFO 18624 --- [main] o.h.b.i.BytecodeProviderInitiator        : HHH000021: Bytecode provider name : bytebuddy
2023-09-29T00:07:45.229+05:30  INFO 18624 --- [main] o.s.o.j.p.SpringPersistenceUnitInfo      : No LoadTimeWeaver setup: ignoring JPA class transformer
2023-09-29T00:07:45.305+05:30  INFO 18624 --- [main] com.zaxxer.hikari.HikariDataSource       : HikariPool-1 - Starting...
2023-09-29T00:07:45.980+05:30  INFO 18624 --- [main] com.zaxxer.hikari.pool.HikariPool        : HikariPool-1 - Added connection org.postgresql.jdbc.PgConnection@d0c3793
2023-09-29T00:07:45.989+05:30  INFO 18624 --- [main] com.zaxxer.hikari.HikariDataSource       : HikariPool-1 - Start completed.
2023-09-29T00:07:47.257+05:30  INFO 18624 --- [main] o.h.b.i.BytecodeProviderInitiator        : HHH000021: Bytecode provider name : bytebuddy
2023-09-29T00:07:49.744+05:30  INFO 18624 --- [main] o.h.e.t.j.p.i.JtaPlatformInitiator       : HHH000490: Using JtaPlatform implementation: [org.hibernate.engine.transaction.jta.platform.internal.NoJtaPlatform]
2023-09-29T00:07:49.992+05:30  INFO 18624 --- [main] j.LocalContainerEntityManagerFactoryBean : Initialized JPA EntityManagerFactory for persistence unit 'default'
2023-09-29T00:07:50.605+05:30  INFO 18624 --- [main] o.s.d.j.r.query.QueryEnhancerFactory     : Hibernate is in classpath; If applicable, HQL parser will be used.
2023-09-29T00:07:52.195+05:30  WARN 18624 --- [main] JpaBaseConfiguration$JpaWebConfiguration : spring.jpa.open-in-view is enabled by default. Therefore, database queries may be performed during view rendering. Explicitly configure spring.jpa.open-in-view to disable this warning
2023-09-29T00:07:53.039+05:30  INFO 18624 --- [main] c.c.BackendApplicationTests              : Started BackendApplicationTests in 13.302 seconds (process running for 17.063)
2023-09-29T00:07:54.252+05:30  INFO 18624 --- [main] com.capstoneproject.BackendApplication   : Starting BackendApplication using Java 20.0.2 with PID 18624 (started by Yateesh Chandra in D:\assignments\Assignments\Capstone-Project\backend)
2023-09-29T00:07:54.253+05:30  INFO 18624 --- [main] com.capstoneproject.BackendApplication   : No active profile set, falling back to 1 default profile: "default"
2023-09-29T00:07:54.625+05:30  INFO 18624 --- [main] .s.d.r.c.RepositoryConfigurationDelegate : Bootstrapping Spring Data JPA repositories in DEFAULT mode.
2023-09-29T00:07:54.666+05:30  INFO 18624 --- [main] .s.d.r.c.RepositoryConfigurationDelegate : Finished Spring Data repository scanning in 40 ms. Found 6 JPA repository interfaces.
2023-09-29T00:07:55.137+05:30  INFO 18624 --- [main] o.s.b.w.embedded.tomcat.TomcatWebServer  : Tomcat initialized with port(s): 8082 (http)
2023-09-29T00:07:55.180+05:30  INFO 18624 --- [main] o.apache.catalina.core.StandardService   : Starting service [Tomcat]
2023-09-29T00:07:55.181+05:30  INFO 18624 --- [main] o.apache.catalina.core.StandardEngine    : Starting Servlet engine: [Apache Tomcat/10.1.13]
2023-09-29T00:07:55.357+05:30  INFO 18624 --- [main] o.a.c.c.C.[Tomcat].[localhost].[/]       : Initializing Spring embedded WebApplicationContext
2023-09-29T00:07:55.357+05:30  INFO 18624 --- [main] w.s.c.ServletWebServerApplicationContext : Root WebApplicationContext: initialization completed in 1100 ms
2023-09-29T00:07:55.553+05:30  INFO 18624 --- [main] o.hibernate.jpa.internal.util.LogHelper  : HHH000204: Processing PersistenceUnitInfo [name: default]
2023-09-29T00:07:55.579+05:30  INFO 18624 --- [main] o.h.b.i.BytecodeProviderInitiator        : HHH000021: Bytecode provider name : bytebuddy
2023-09-29T00:07:55.580+05:30  INFO 18624 --- [main] o.s.o.j.p.SpringPersistenceUnitInfo      : No LoadTimeWeaver setup: ignoring JPA class transformer
2023-09-29T00:07:55.582+05:30  INFO 18624 --- [main] com.zaxxer.hikari.HikariDataSource       : HikariPool-2 - Starting...
2023-09-29T00:07:55.648+05:30  INFO 18624 --- [main] com.zaxxer.hikari.pool.HikariPool        : HikariPool-2 - Added connection org.postgresql.jdbc.PgConnection@456839ee
2023-09-29T00:07:55.649+05:30  INFO 18624 --- [main] com.zaxxer.hikari.HikariDataSource       : HikariPool-2 - Start completed.
2023-09-29T00:07:55.749+05:30  INFO 18624 --- [main] o.h.b.i.BytecodeProviderInitiator        : HHH000021: Bytecode provider name : bytebuddy
2023-09-29T00:07:56.032+05:30  INFO 18624 --- [main] o.h.e.t.j.p.i.JtaPlatformInitiator       : HHH000490: Using JtaPlatform implementation: [org.hibernate.engine.transaction.jta.platform.internal.NoJtaPlatform]
2023-09-29T00:07:56.188+05:30  INFO 18624 --- [main] j.LocalContainerEntityManagerFactoryBean : Initialized JPA EntityManagerFactory for persistence unit 'default'
2023-09-29T00:07:56.464+05:30  WARN 18624 --- [main] JpaBaseConfiguration$JpaWebConfiguration : spring.jpa.open-in-view is enabled by default. Therefore, database queries may be performed during view rendering. Explicitly configure spring.jpa.open-in-view to disable this warning
2023-09-29T00:07:56.674+05:30  INFO 18624 --- [main] o.s.b.w.embedded.tomcat.TomcatWebServer  : Tomcat started on port(s): 8082 (http) with context path ''
2023-09-29T00:07:56.682+05:30  INFO 18624 --- [main] com.capstoneproject.BackendApplication   : Started BackendApplication in 2.481 seconds (process running for 20.706)
2023-09-29T00:07:57.685+05:30 ERROR 18624 --- [main] c.c.service.CategoryService              : Category already Exists
2023-09-29T00:07:57.734+05:30  INFO 18624 --- [main] c.c.service.CategoryService              : Fetched the Categories
2023-09-29T00:07:57.736+05:30  INFO 18624 --- [main] c.c.service.CategoryService              : Converting the model into DTO
2023-09-29T00:07:57.737+05:30  INFO 18624 --- [main] c.c.service.CategoryService              : Converting the model into DTO
2023-09-29T00:07:57.780+05:30  INFO 18624 --- [main] c.c.service.CategoryService              : Category found
2023-09-29T00:07:57.780+05:30  INFO 18624 --- [main] c.c.service.CategoryService              : Category Updated
2023-09-29T00:07:57.799+05:30  INFO 18624 --- [main] c.c.service.CategoryService              : Category deleted
2023-09-29T00:07:57.811+05:30  INFO 18624 --- [main] c.c.service.CategoryService              : Category added Successfully
2023-09-29T00:07:57.837+05:30  INFO 18624 --- [main] c.c.service.CategoryService              : Category Found
2023-09-29T00:07:58.569+05:30  INFO 18624 --- [main] c.c.service.UserResponsesService         : Response added successfully
2023-09-29T00:07:58.720+05:30 ERROR 18624 --- [main] c.capstoneproject.service.UserService    : Email already Exists
2023-09-29T00:07:58.734+05:30 ERROR 18624 --- [main] c.capstoneproject.service.UserService    : Email does not exist.!
2023-09-29T00:07:58.755+05:30  INFO 18624 --- [main] c.capstoneproject.service.UserService    : Deleted Successfully
2023-09-29T00:07:58.765+05:30  INFO 18624 --- [main] c.capstoneproject.service.UserService    : User Successfully Registered
2023-09-29T00:07:58.777+05:30  INFO 18624 --- [main] c.capstoneproject.service.UserService    : Logged in Successfully
2023-09-29T00:07:58.791+05:30 ERROR 18624 --- [main] c.capstoneproject.service.UserService    : Passwords did not match
2023-09-29T00:07:58.801+05:30  INFO 18624 --- [main] c.c.service.AllResultsService            : Fetching the results of the user
2023-09-29T00:07:58.803+05:30  INFO 18624 --- [main] c.c.service.AllResultsService            : Converting The model into DTO
2023-09-29T00:07:58.803+05:30  INFO 18624 --- [main] c.c.service.AllResultsService            : Converting The model into DTO
2023-09-29T00:07:58.812+05:30  INFO 18624 --- [main] c.c.service.AllResultsService            : Fetching the Results.
2023-09-29T00:07:58.813+05:30  INFO 18624 --- [main] c.c.service.AllResultsService            : Converting The model into DTO
2023-09-29T00:07:58.815+05:30  INFO 18624 --- [main] c.c.service.AllResultsService            : Converting The model into DTO
2023-09-29T00:07:58.994+05:30  INFO 18624 --- [main] c.c.service.QuestionService              : Question found
2023-09-29T00:07:58.995+05:30 ERROR 18624 --- [main] c.c.service.QuestionService              : Option does not match any option
2023-09-29T00:07:59.003+05:30  INFO 18624 --- [main] c.c.service.QuestionService              : Question found
2023-09-29T00:07:59.004+05:30  INFO 18624 --- [main] c.c.service.QuestionService              : Question updated Successfully
2023-09-29T00:07:59.028+05:30  INFO 18624 --- [main] c.c.service.QuestionService              : Quiz fetched with the Id
2023-09-29T00:07:59.029+05:30  INFO 18624 --- [main] c.c.service.QuestionService              : Converted Model to DTO
2023-09-29T00:07:59.030+05:30  INFO 18624 --- [main] c.c.service.QuestionService              : Converted Model to DTO
2023-09-29T00:07:59.047+05:30  INFO 18624 --- [main] c.c.service.QuestionService              : Question deleted
2023-09-29T00:07:59.074+05:30  INFO 18624 --- [main] c.c.service.QuestionService              : Question found
2023-09-29T00:07:59.083+05:30 ERROR 18624 --- [main] c.c.service.QuestionService              : Option does not match any option
2023-09-29T00:07:59.100+05:30  INFO 18624 --- [main] c.c.service.QuestionService              : Fetched all the Questions
2023-09-29T00:07:59.101+05:30  INFO 18624 --- [main] c.c.service.QuestionService              : Converted Model to DTO
2023-09-29T00:07:59.101+05:30  INFO 18624 --- [main] c.c.service.QuestionService              : Converted Model to DTO
2023-09-29T00:07:59.110+05:30  INFO 18624 --- [main] c.c.service.QuestionService              : Question found
2023-09-29T00:07:59.110+05:30 ERROR 18624 --- [main] c.c.service.QuestionService              : No Question found with Id 
2023-09-29T00:07:59.116+05:30  INFO 18624 --- [main] c.c.service.QuestionService              : Question found
2023-09-29T00:07:59.117+05:30 ERROR 18624 --- [main] c.c.service.QuestionService              : No Question found with Id 
2023-09-29T00:07:59.126+05:30  INFO 18624 --- [main] c.c.service.QuestionService              : Fetched the Question successfully
2023-09-29T00:07:59.133+05:30  INFO 18624 --- [main] c.c.service.QuestionService              : Added Question
2023-09-29T00:07:59.152+05:30  INFO 18624 --- [main] c.capstoneproject.service.QuizService    : Added Quiz Successfully
2023-09-29T00:07:59.164+05:30  INFO 18624 --- [main] c.capstoneproject.service.QuizService    : Quiz Found
2023-09-29T00:07:59.180+05:30  INFO 18624 --- [main] c.capstoneproject.service.QuizService    : Fetched all the Quizzes 
2023-09-29T00:07:59.181+05:30  INFO 18624 --- [main] c.capstoneproject.service.QuizService    : Model is converted to DTO.
2023-09-29T00:07:59.182+05:30  INFO 18624 --- [main] c.capstoneproject.service.QuizService    : Model is converted to DTO.
2023-09-29T00:07:59.202+05:30  INFO 18624 --- [main] c.capstoneproject.service.QuizService    : Quiz Found
2023-09-29T00:07:59.203+05:30  INFO 18624 --- [main] c.capstoneproject.service.QuizService    : Quiz updated
2023-09-29T00:07:59.211+05:30  INFO 18624 --- [main] c.capstoneproject.service.QuizService    : Fetched the Quiz Details
2023-09-29T00:07:59.218+05:30  INFO 18624 --- [main] c.capstoneproject.service.QuizService    : Quiz deleted
2023-09-29T00:07:59.236+05:30  INFO 18624 --- [main] c.capstoneproject.service.QuizService    : Fetched the Quiz details of the category Id 
2023-09-29T00:07:59.239+05:30  INFO 18624 --- [main] c.capstoneproject.service.QuizService    : Model is converted to DTO.
2023-09-29T00:07:59.239+05:30  INFO 18624 --- [main] c.capstoneproject.service.QuizService    : Model is converted to DTO.
2023-09-29T00:07:59.249+05:30 ERROR 18624 --- [main] c.capstoneproject.service.QuizService    : Quiz already Exists
2023-09-29T00:07:59.259+05:30  INFO 18624 --- [main] c.capstoneproject.service.QuizService    : Quiz Found
2023-09-29T00:08:00.050+05:30  INFO 18624 --- [main] c.c.controller.AllResultsController      : Succesfully Added Category
2023-09-29T00:08:00.081+05:30  INFO 18624 --- [main] c.c.controller.AllResultsController      : Fetched Categories successfully
2023-09-29T00:08:00.090+05:30  INFO 18624 --- [main] c.c.controller.AllResultsController      : Catgory Updated Successfully
2023-09-29T00:08:00.100+05:30  INFO 18624 --- [main] c.c.controller.AllResultsController      : Category Deleted
2023-09-29T00:08:00.110+05:30  INFO 18624 --- [main] c.c.controller.AllResultsController      : Fetched Category by Id
2023-09-29T00:08:00.224+05:30  INFO 18624 --- [main] c.c.controller.UserController            : User Registered successfully
2023-09-29T00:08:00.234+05:30  INFO 18624 --- [main] c.c.controller.UserController            : Logged in Successfully
2023-09-29T00:08:00.243+05:30  INFO 18624 --- [main] c.c.controller.UserController            : Deleted Successfully
2023-09-29T00:08:00.381+05:30  INFO 18624 --- [main] c.c.controller.QuizController            : Added Quiz successfully
2023-09-29T00:08:00.392+05:30  INFO 18624 --- [main] c.c.controller.QuizController            : Quiz is Updated
2023-09-29T00:08:00.400+05:30  INFO 18624 --- [main] c.c.controller.QuizController            : Fetched Quizzes
2023-09-29T00:08:00.410+05:30  INFO 18624 --- [main] c.c.controller.QuizController            : Fetched Quiz by the Id
2023-09-29T00:08:00.417+05:30  INFO 18624 --- [main] c.c.controller.QuizController            : Deleted Quiz
2023-09-29T00:08:00.426+05:30  INFO 18624 --- [main] c.c.controller.QuizController            : Fetched Quizzes by the CategoryId
2023-09-29T00:08:00.521+05:30  INFO 18624 --- [main] c.c.controller.AllResultsController      : Successfully fetched Results User Id : 1
2023-09-29T00:08:00.530+05:30  INFO 18624 --- [main] c.c.controller.AllResultsController      : Successfully fetched Results of all Users
2023-09-29T00:08:00.643+05:30  INFO 18624 --- [main] c.c.controller.UserResponsesController   : Responses added Successfully
2023-09-29T00:08:00.755+05:30  INFO 18624 --- [main] c.c.controller.QuestionController        : Quiz is updated
2023-09-29T00:08:00.761+05:30  INFO 18624 --- [main] c.c.controller.QuestionController        : Question is Deleted
2023-09-29T00:08:00.768+05:30  INFO 18624 --- [main] c.c.controller.QuestionController        : Fetched Questions By Quiz
2023-09-29T00:08:00.776+05:30  INFO 18624 --- [main] c.c.controller.QuestionController        : Fetched Question
2023-09-29T00:08:00.782+05:30  INFO 18624 --- [main] c.c.controller.QuestionController        : Fetched Questions successfully
2023-09-29T00:08:00.790+05:30  INFO 18624 --- [main] c.c.controller.QuestionController        : Question added
2023-09-29T00:08:00.920+05:30  INFO 18624 --- [main] t.c.s.AnnotationConfigContextLoaderUtils : Could not detect default configuration classes for test class [com.capstoneproject.models.UserTest]: UserTest does not declare any static, non-private, non-final, nested classes annotated with @Configuration.
2023-09-29T00:08:00.983+05:30  INFO 18624 --- [main] .b.t.c.SpringBootTestContextBootstrapper : Found @SpringBootConfiguration com.capstoneproject.BackendApplication for test class com.capstoneproject.models.UserTest
2023-09-29T00:08:01.203+05:30  INFO 18624 --- [SpringApplicationShutdownHook] j.LocalContainerEntityManagerFactoryBean : Closing JPA EntityManagerFactory for persistence unit 'default'
2023-09-29T00:08:02.771+05:30  INFO 18624 --- [SpringApplicationShutdownHook] com.zaxxer.hikari.HikariDataSource       : HikariPool-1 - Shutdown initiated...
2023-09-29T00:08:02.799+05:30  INFO 18624 --- [SpringApplicationShutdownHook] com.zaxxer.hikari.HikariDataSource       : HikariPool-1 - Shutdown completed.
2023-09-29T00:08:03.230+05:30  INFO 18624 --- [SpringApplicationShutdownHook] j.LocalContainerEntityManagerFactoryBean : Closing JPA EntityManagerFactory for persistence unit 'default'
2023-09-29T00:08:03.238+05:30  INFO 18624 --- [SpringApplicationShutdownHook] com.zaxxer.hikari.HikariDataSource       : HikariPool-2 - Shutdown initiated...
2023-09-29T00:08:03.256+05:30  INFO 18624 --- [SpringApplicationShutdownHook] com.zaxxer.hikari.HikariDataSource       : HikariPool-2 - Shutdown completed.
